2024-08-24T19:18:00.288Z 0: 

----------------------------------------------
2024-08-24T19:18:00.366Z 1: Discord starting: {"releaseChannel":"stable","version":"0.0.65"}, modulepath: /home/void/.config/discord/0.0.65/modules
2024-08-24T19:18:00.422Z 2: ✅ webContents.created web1 "index.html"
2024-08-24T19:18:00.510Z 3: ✅ window.created win1 "discord"
2024-08-24T19:18:01.120Z 4: ✅ webContents.did-finish-load web1
2024-08-24T19:18:30.820Z 5: ✅ webContents.created web2 ""
2024-08-24T19:18:30.900Z 6: ✅ window.created win2 "Discord"
2024-08-24T19:18:37.105Z 7: ✅ webContents.did-finish-load web2
2024-08-24T19:18:37.300Z 8: window.close win1
2024-08-24T19:18:37.408Z 9: webContents.destroyed web1
2024-08-24T19:18:37.520Z 10: window.closed win1
2024-08-24T19:20:34.510Z 0: 

----------------------------------------------
2024-08-24T19:20:34.667Z 1: Discord starting: {"releaseChannel":"stable","version":"0.0.65"}, modulepath: /home/void/.config/discord/0.0.65/modules
2024-08-24T19:20:34.793Z 2: ✅ webContents.created web1 "index.html"
2024-08-24T19:20:34.913Z 3: ✅ window.created win1 "discord"
2024-08-24T19:20:35.325Z 4: ✅ webContents.did-finish-load web1
2024-08-24T19:20:36.139Z 5: ✅ webContents.created web2 ""
2024-08-24T19:20:36.198Z 6: ✅ window.created win2 "Discord"
2024-08-24T19:20:44.760Z 7: ✅ webContents.did-finish-load web2
2024-08-24T19:20:44.969Z 8: window.close win1
2024-08-24T19:20:45.057Z 9: webContents.destroyed web1
2024-08-24T19:20:45.240Z 10: window.closed win1
2024-08-24T19:23:34.143Z 0: 

----------------------------------------------
2024-08-24T19:23:34.602Z 1: Discord starting: {"releaseChannel":"stable","version":"0.0.65"}, modulepath: /home/void/.config/discord/0.0.65/modules
2024-08-24T19:23:34.996Z 2: ✅ webContents.created web1 ""
2024-08-24T19:23:35.132Z 3: ✅ window.created win1 "discord"
2024-08-24T19:23:40.264Z 4: ✅ webContents.did-finish-load web1
2024-08-24T19:23:41.314Z 5: ✅ webContents.created web2 ""
2024-08-24T19:23:41.483Z 6: ✅ window.created win2 "Discord"
2024-08-24T19:23:49.749Z 7: ✅ webContents.did-finish-load web2
2024-08-24T19:23:50.026Z 8: window.close win1
2024-08-24T19:23:50.157Z 9: webContents.destroyed web1
2024-08-24T19:23:50.232Z 10: window.closed win1
2024-08-24T19:24:26.840Z 11: window.close win2
2024-08-24T19:24:28.663Z 12: before-quit
2024-08-24T19:24:28.753Z 13: window.close win2
2024-08-24T19:24:29.031Z 14: webContents.destroyed web2
2024-08-25T12:40:25.173Z 0: 

----------------------------------------------
2024-08-25T12:40:25.881Z 1: Discord starting: {"releaseChannel":"stable","version":"0.0.65"}, modulepath: /home/void/.config/discord/0.0.65/modules
2024-08-25T12:40:26.117Z 2: ✅ webContents.created web1 ""
2024-08-25T12:40:26.251Z 3: ✅ window.created win1 "discord"
2024-08-25T12:40:31.932Z 4: ✅ webContents.did-finish-load web1
2024-08-25T12:40:32.695Z 5: ✅ webContents.created web2 ""
2024-08-25T12:40:32.795Z 6: ✅ window.created win2 "Discord"
2024-08-25T12:40:42.432Z 7: ✅ webContents.did-finish-load web2
2024-08-25T12:40:42.529Z 8: window.close win1
2024-08-25T12:40:42.643Z 9: webContents.destroyed web1
2024-08-25T12:40:42.686Z 10: window.closed win1
2024-08-25T12:40:47.492Z 11: ✅ webContents.did-finish-load web2
2024-08-25T13:09:27.980Z 12: window.close win2
2024-08-25T13:10:39.796Z 0: 

----------------------------------------------
2024-08-25T13:12:26.348Z 13: window.close win2
2024-08-25T13:24:39.961Z 0: 

----------------------------------------------
